make all --print-data-base --no-builtin-variables --no-builtin-rules --question
# GNU Make 3.81
# Copyright (C) 2006  Free Software Foundation, Inc.
# This is free software; see the source for copying conditions.
# There is NO warranty; not even for MERCHANTABILITY or FITNESS FOR A
# PARTICULAR PURPOSE.

# This program built for i386-apple-darwin11.3.0
 
make game
 
# GNU Make 3.81
# Copyright (C) 2006  Free Software Foundation, Inc.
# This is free software; see the source for copying conditions.
# There is NO warranty; not even for MERCHANTABILITY or FITNESS FOR A
# PARTICULAR PURPOSE.

# This program built for i386-apple-darwin11.3.0

# Make data base, printed on Fri Jun  3 18:10:57 2022

# Variables

# automatic
<D = $(patsubst %/,%,$(dir $<))
# automatic
?F = $(notdir $?)
# makefile (from `Makefile', line 372)
SRC = $(call rwildcard, *.c, *.h)
# environment
VSCODE_LOG_NATIVE = false
# makefile (from `Makefile', line 65)
USE_WAYLAND_DISPLAY = FALSE
# automatic
?D = $(patsubst %/,%,$(dir $?))
# makefile (from `Makefile', line 33)
COMPILER_PATH = C:/raylib/mingw/bin
# makefile (from `Makefile', line 28)
RAYLIB_VERSION = 3.0.0
# automatic
@D = $(patsubst %/,%,$(dir $@))
# automatic
@F = $(notdir $@)
# makefile (from `Makefile', line 339)
LDLIBS = -lraylib -framework OpenGL -framework OpenAL -framework Cocoa -framework IOKit
# makefile
CURDIR := /Users/Conauti/Downloads/Wilmer - Docs/bewaffnet
# makefile
SHELL = /bin/sh
# environment
VSCODE_NLS_CONFIG = {"locale":"en-us","availableLanguages":{},"_languagePackSupport":true}
# environment
_ = /usr/bin/make
# makefile (from `Makefile', line 203)
CFLAGS = -Wall -std=c++14 -D_DEFAULT_SOURCE -Wno-missing-braces -s -O1
# environment
WALLABY_PRODUCTION = true
# makefile (from `Makefile', line 1)
MAKEFILE_LIST :=  Makefile
# makefile (from `Makefile', line 369)
OBJ_DIR = obj
# environment
VSCODE_VERBOSE_LOGGING = true
# makefile (from `Makefile', line 57)
BUILD_MODE = RELEASE
# environment
__CFBundleIdentifier = com.microsoft.VSCode
# environment
VSCODE_IPC_HOOK_EXTHOST = /var/folders/tl/xhqvjv7x50q02t84md9_clx80000gn/T/vscode-ipc-98bf7b22-f0ee-417e-bde4-6cb16e1ea6fb.sock
# environment
VSCODE_CWD = /
# environment
PATH = /Users/Conauti/Downloads/google-cloud-sdk/bin:/Library/Frameworks/Python.framework/Versions/3.7/bin:/usr/local/bin:/usr/bin:/bin:/usr/sbin:/sbin:/Applications/VMware Fusion.app/Contents/Public:/usr/local/go/bin:/usr/local/share/dotnet:~/.dotnet/tools:/Library/Apple/usr/bin:/Library/Frameworks/Mono.framework/Versions/Current/Commands:/Applications/SonarScanner/bin:/Applications/SonarQube/bin:/Users/Conauti/Library/Android/sdk/emulator:/Users/Conauti/Library/Android/sdk/tools:/Users/Conauti/Library/Android/sdk/tools/bin:/Users/Conauti/Library/Android/sdk/platform-tools
# makefile (from `Makefile', line 75)
UNAMEOS = $(shell uname)
# makefile (from `Makefile', line 30)
RAYLIB_PATH = ..\..
# makefile (from `Makefile', line 29)
RAYLIB_API_VERSION = 300
# environment
LaunchInstanceID = 73B1267D-4F1F-4791-9AEF-C0AC0B8EB144
# environment
VSCODE_LOG_STACK = false
# environment
ELECTRON_RUN_AS_NODE = 1
# makefile (from `Makefile', line 254)
INCLUDE_PATHS = -I. -I$(RAYLIB_PATH)/src -I$(RAYLIB_PATH)/src/external
# makefile (from `Makefile', line 279)
LDFLAGS = -L.
# environment
ANDROID_HOME = /Users/Conauti/Library/Android/sdk
# default
.FEATURES := target-specific order-only second-expansion else-if archives jobserver check-symlink
# makefile (from `Makefile', line 61)
USE_EXTERNAL_GLFW = FALSE
# environment
SSH_AUTH_SOCK = /private/tmp/com.apple.launchd.nJadTxjRP4/Listeners
# automatic
%F = $(notdir $%)
# environment
VSCODE_PIPE_LOGGING = true
# makefile (from `Makefile', line 374)
OBJS = main.c
# makefile (from `Makefile', line 92)
PLATFORM_OS = OSX
# environment
PWD = /Users/Conauti/Downloads/Wilmer - Docs/bewaffnet
# environment
ORIGINAL_XDG_CURRENT_DESKTOP = undefined
# environment
VSCODE_AMD_ENTRYPOINT = vs/workbench/api/node/extensionHostProcess
# environment
HOME = /Users/Conauti
# default
MAKEFILEPATH = $(shell /usr/bin/xcode-select -print-path 2>/dev/null || echo /Developer)/Makefiles
# environment
VSCODE_CODE_CACHE_PATH = /Users/Conauti/Library/Application Support/Code/CachedData/c3511e6c69bb39013c4a4b7b9566ec1ca73fc4d5
# environment
LOGNAME = Conauti
# environment
APPLICATION_INSIGHTS_NO_DIAGNOSTIC_CHANNEL = 1
# makefile (from `Makefile', line 382)
MAKEFILE_PARAMS = $(PROJECT_NAME)
# environment
VSCODE_HANDLES_UNCAUGHT_ERRORS = true
# automatic
^D = $(patsubst %/,%,$(dir $^))
# environment
XPC_FLAGS = 0x0
# makefile (from `Makefile', line 184)
MAKE = make
# default
MAKECMDGOALS := game
# environment
SHLVL = 2
# makefile (from `Makefile', line 155)
CC = clang++
# makefile (from `Makefile', line 51)
RAYLIB_H_INSTALL_PATH = $(DESTDIR)/include
# default
MAKE_VERSION := 3.81
# environment
USER = Conauti
# makefile
.DEFAULT_GOAL := all
# makefile (from `Makefile', line 48)
DESTDIR = /usr/local
# automatic
%D = $(patsubst %/,%,$(dir $%))
# makefile (from `Makefile', line 365)
rwildcard = $(foreach d,$(wildcard $1*),$(call rwildcard,$d/,$2) $(filter $(subst *,%,$2),$d))
# default
MAKE_COMMAND := /Library/Developer/CommandLineTools/usr/bin/make
# default
.VARIABLES := 
# environment
TMPDIR = /var/folders/tl/xhqvjv7x50q02t84md9_clx80000gn/T/
# automatic
*F = $(notdir $*)
# environment
VSCODE_IPC_HOOK = /Users/Conauti/Library/Application Support/Code/1.67.2-main.sock
# makefile
MAKEFLAGS = Rrqp
# environment
MFLAGS = -Rrqp
# automatic
*D = $(patsubst %/,%,$(dir $*))
# environment
XPC_SERVICE_NAME = application.com.microsoft.VSCode.12919791935.12919793612
# automatic
+D = $(patsubst %/,%,$(dir $+))
# automatic
+F = $(notdir $+)
# makefile (from `Makefile', line 146)
EXAMPLE_RUNTIME_PATH = $(RAYLIB_RELEASE_PATH)
# environment
__CF_USER_TEXT_ENCODING = 0x1F5:0x0:0x0
# environment
COMMAND_MODE = unix2003
# makefile (from `Makefile', line 37)
PLATFORM = PLATFORM_DESKTOP
# default
MAKEFILES := 
# makefile (from `Makefile', line 368)
SRC_DIR = src
# automatic
<F = $(notdir $<)
# makefile (from `Makefile', line 132)
RAYLIB_RELEASE_PATH = $(RAYLIB_PATH)/src
# makefile (from `Makefile', line 27)
PROJECT_NAME = game
# makefile (from `Makefile', line 49)
RAYLIB_INSTALL_PATH = $(DESTDIR)/lib
# environment
LC_ALL = C
# environment
SECURITYSESSIONID = 186a7
# automatic
^F = $(notdir $^)
# default
SUFFIXES := 
# makefile (from `Makefile', line 54)
RAYLIB_LIBTYPE = STATIC
# default
.INCLUDE_DIRS = /usr/local/include
# environment
MAKELEVEL := 1
# environment
LANG = C
# environment
VSCODE_PID = 362
# variable set hash-table stats:
# Load=94/1024=9%, Rehash=0, Collisions=7/212=3%

# Pattern-specific Variable Values

# No pattern-specific variable values.

# Directories

# /opt/homebrew/include: could not be stat'd.
# . (device 16777220, inode 12921605510): 24 files, no impossibilities.
# ..\../src: could not be stat'd.
# src: could not be stat'd.
# /opt/homebrew/lib: could not be stat'd.

# 24 files, no impossibilities in 5 directories.

# Implicit Rules

obj/%.o: src/%.c
#  commands to execute (from `Makefile', line 398):
	$(CC) -c $< -o $@ $(CFLAGS) $(INCLUDE_PATHS) -D$(PLATFORM)
	

# 1 implicit rules, 0 (0.0%) terminal.

# Files

all:
#  Phony target (prerequisite of .PHONY).
#  Implicit rule search has not been done.
#  File does not exist.
#  File has not been updated.
#  commands to execute (from `Makefile', line 388):
	$(MAKE) $(MAKEFILE_PARAMS)
	

.PHONY: all clean
#  Implicit rule search has not been done.
#  Modification time never checked.
#  File has not been updated.

# Not a target:
main.c:
#  Implicit rule search has been done.
#  File does not exist.
#  File has not been updated.
# variable set hash-table stats:
# Load=0/32=0%, Rehash=0, Collisions=0/0=0%

# Not a target:
.SUFFIXES:
#  Implicit rule search has not been done.
#  Modification time never checked.
#  File has not been updated.

# Not a target:
Makefile:
#  Implicit rule search has been done.
#  Last modified 2022-06-01 22:00:05
#  File has been updated.
#  Successfully updated.
# variable set hash-table stats:
# Load=0/32=0%, Rehash=0, Collisions=0/0=0%

# Not a target:
.DEFAULT:
#  Implicit rule search has not been done.
#  Modification time never checked.
#  File has not been updated.

clean:
#  Phony target (prerequisite of .PHONY).
#  Implicit rule search has not been done.
#  File does not exist.
#  File has not been updated.
#  commands to execute (from `Makefile', line 410):
	find . -type f -perm +ugo+x -delete
	rm -f *.o
	@echo Cleaning done
	

game: main.c
#  Command-line target.
 
make[1]: *** No rule to make target `main.c', needed by `game'.  Stop.
make: *** [all] Error 2

#  Implicit rule search has not been done.
#  File does not exist.
#  File has not been updated.
# variable set hash-table stats:
# Load=0/32=0%, Rehash=0, Collisions=0/0=0%
#  commands to execute (from `Makefile', line 392):
	$(CC) -o $(PROJECT_NAME)$(EXT) $(OBJS) $(CFLAGS) $(INCLUDE_PATHS) $(LDFLAGS) $(LDLIBS) -D$(PLATFORM)
	

# files hash-table stats:
# Load=8/1024=1%, Rehash=0, Collisions=0/24=0%
# VPATH Search Paths

# No `vpath' search paths.

# No general (`VPATH' variable) search path.

# # of strings in strcache: 1
# # of strcache buffers: 1
# strcache size: total = 4096 / max = 4096 / min = 4096 / avg = 4096
# strcache free: total = 4087 / max = 4087 / min = 4087 / avg = 4087

# Finished Make data base on Fri Jun  3 18:10:57 2022


# Make data base, printed on Fri Jun  3 18:10:57 2022

# Variables

# automatic
<D = $(patsubst %/,%,$(dir $<))
# automatic
?F = $(notdir $?)
# makefile (from `Makefile', line 372)
SRC = $(call rwildcard, *.c, *.h)
# environment
VSCODE_LOG_NATIVE = false
# makefile (from `Makefile', line 65)
USE_WAYLAND_DISPLAY = FALSE
# automatic
?D = $(patsubst %/,%,$(dir $?))
# makefile (from `Makefile', line 33)
COMPILER_PATH = C:/raylib/mingw/bin
# makefile (from `Makefile', line 28)
RAYLIB_VERSION = 3.0.0
# automatic
@D = $(patsubst %/,%,$(dir $@))
# automatic
@F = $(notdir $@)
# makefile (from `Makefile', line 339)
LDLIBS = -lraylib -framework OpenGL -framework OpenAL -framework Cocoa -framework IOKit
# makefile
CURDIR := /Users/Conauti/Downloads/Wilmer - Docs/bewaffnet
# makefile
SHELL = /bin/sh
# environment
VSCODE_NLS_CONFIG = {"locale":"en-us","availableLanguages":{},"_languagePackSupport":true}
# environment
_ = /usr/bin/make
# makefile (from `Makefile', line 203)
CFLAGS = -Wall -std=c++14 -D_DEFAULT_SOURCE -Wno-missing-braces -s -O1
# environment
WALLABY_PRODUCTION = true
# makefile (from `Makefile', line 1)
MAKEFILE_LIST :=  Makefile
# makefile (from `Makefile', line 369)
OBJ_DIR = obj
# environment
VSCODE_VERBOSE_LOGGING = true
# makefile (from `Makefile', line 57)
BUILD_MODE = RELEASE
# environment
__CFBundleIdentifier = com.microsoft.VSCode
# environment
VSCODE_IPC_HOOK_EXTHOST = /var/folders/tl/xhqvjv7x50q02t84md9_clx80000gn/T/vscode-ipc-98bf7b22-f0ee-417e-bde4-6cb16e1ea6fb.sock
# environment
VSCODE_CWD = /
# environment
PATH = /Users/Conauti/Downloads/google-cloud-sdk/bin:/Library/Frameworks/Python.framework/Versions/3.7/bin:/usr/local/bin:/usr/bin:/bin:/usr/sbin:/sbin:/Applications/VMware Fusion.app/Contents/Public:/usr/local/go/bin:/usr/local/share/dotnet:~/.dotnet/tools:/Library/Apple/usr/bin:/Library/Frameworks/Mono.framework/Versions/Current/Commands:/Applications/SonarScanner/bin:/Applications/SonarQube/bin:/Users/Conauti/Library/Android/sdk/emulator:/Users/Conauti/Library/Android/sdk/tools:/Users/Conauti/Library/Android/sdk/tools/bin:/Users/Conauti/Library/Android/sdk/platform-tools
# makefile (from `Makefile', line 75)
UNAMEOS = $(shell uname)
# makefile (from `Makefile', line 30)
RAYLIB_PATH = ..\..
# makefile (from `Makefile', line 29)
RAYLIB_API_VERSION = 300
# environment
LaunchInstanceID = 73B1267D-4F1F-4791-9AEF-C0AC0B8EB144
# environment
VSCODE_LOG_STACK = false
# environment
ELECTRON_RUN_AS_NODE = 1
# makefile (from `Makefile', line 254)
INCLUDE_PATHS = -I. -I$(RAYLIB_PATH)/src -I$(RAYLIB_PATH)/src/external
# makefile (from `Makefile', line 279)
LDFLAGS = -L.
# environment
ANDROID_HOME = /Users/Conauti/Library/Android/sdk
# default
.FEATURES := target-specific order-only second-expansion else-if archives jobserver check-symlink
# makefile (from `Makefile', line 61)
USE_EXTERNAL_GLFW = FALSE
# environment
SSH_AUTH_SOCK = /private/tmp/com.apple.launchd.nJadTxjRP4/Listeners
# automatic
%F = $(notdir $%)
# environment
VSCODE_PIPE_LOGGING = true
# makefile (from `Makefile', line 374)
OBJS = main.c
# makefile (from `Makefile', line 92)
PLATFORM_OS = OSX
# environment
PWD = /Users/Conauti/Downloads/Wilmer - Docs/bewaffnet
# environment
ORIGINAL_XDG_CURRENT_DESKTOP = undefined
# environment
VSCODE_AMD_ENTRYPOINT = vs/workbench/api/node/extensionHostProcess
# environment
HOME = /Users/Conauti
# default
MAKEFILEPATH = $(shell /usr/bin/xcode-select -print-path 2>/dev/null || echo /Developer)/Makefiles
# environment
VSCODE_CODE_CACHE_PATH = /Users/Conauti/Library/Application Support/Code/CachedData/c3511e6c69bb39013c4a4b7b9566ec1ca73fc4d5
# environment
LOGNAME = Conauti
# environment
APPLICATION_INSIGHTS_NO_DIAGNOSTIC_CHANNEL = 1
# makefile (from `Makefile', line 382)
MAKEFILE_PARAMS = $(PROJECT_NAME)
# environment
VSCODE_HANDLES_UNCAUGHT_ERRORS = true
# automatic
^D = $(patsubst %/,%,$(dir $^))
# environment
XPC_FLAGS = 0x0
# makefile (from `Makefile', line 184)
MAKE = make
# default
MAKECMDGOALS := all
# environment
SHLVL = 2
# makefile (from `Makefile', line 155)
CC = clang++
# makefile (from `Makefile', line 51)
RAYLIB_H_INSTALL_PATH = $(DESTDIR)/include
# default
MAKE_VERSION := 3.81
# environment
USER = Conauti
# makefile
.DEFAULT_GOAL := all
# makefile (from `Makefile', line 48)
DESTDIR = /usr/local
# automatic
%D = $(patsubst %/,%,$(dir $%))
# makefile (from `Makefile', line 365)
rwildcard = $(foreach d,$(wildcard $1*),$(call rwildcard,$d/,$2) $(filter $(subst *,%,$2),$d))
# default
MAKE_COMMAND := /Library/Developer/CommandLineTools/usr/bin/make
# default
.VARIABLES := 
# environment
TMPDIR = /var/folders/tl/xhqvjv7x50q02t84md9_clx80000gn/T/
# automatic
*F = $(notdir $*)
# environment
VSCODE_IPC_HOOK = /Users/Conauti/Library/Application Support/Code/1.67.2-main.sock
# makefile
MAKEFLAGS = Rrqp
# environment
MFLAGS = -Rrqp
# automatic
*D = $(patsubst %/,%,$(dir $*))
# environment
XPC_SERVICE_NAME = application.com.microsoft.VSCode.12919791935.12919793612
# automatic
+D = $(patsubst %/,%,$(dir $+))
# automatic
+F = $(notdir $+)
# makefile (from `Makefile', line 146)
EXAMPLE_RUNTIME_PATH = $(RAYLIB_RELEASE_PATH)
# environment
__CF_USER_TEXT_ENCODING = 0x1F5:0x0:0x0
# environment
COMMAND_MODE = unix2003
# makefile (from `Makefile', line 37)
PLATFORM = PLATFORM_DESKTOP
# default
MAKEFILES := 
# makefile (from `Makefile', line 368)
SRC_DIR = src
# automatic
<F = $(notdir $<)
# makefile (from `Makefile', line 132)
RAYLIB_RELEASE_PATH = $(RAYLIB_PATH)/src
# makefile (from `Makefile', line 27)
PROJECT_NAME = game
# makefile (from `Makefile', line 49)
RAYLIB_INSTALL_PATH = $(DESTDIR)/lib
# environment
LC_ALL = C
# environment
SECURITYSESSIONID = 186a7
# automatic
^F = $(notdir $^)
# default
SUFFIXES := 
# makefile (from `Makefile', line 54)
RAYLIB_LIBTYPE = STATIC
# default
.INCLUDE_DIRS = /usr/local/include
# environment
MAKELEVEL := 0
# environment
LANG = C
# environment
VSCODE_PID = 362
# variable set hash-table stats:
# Load=94/1024=9%, Rehash=0, Collisions=7/214=3%

# Pattern-specific Variable Values

# No pattern-specific variable values.

# Directories

# /opt/homebrew/include: could not be stat'd.
# . (device 16777220, inode 12921605510): 24 files, no impossibilities.
# ..\../src: could not be stat'd.
# src: could not be stat'd.
# /opt/homebrew/lib: could not be stat'd.

# 24 files, no impossibilities in 5 directories.

# Implicit Rules

obj/%.o: src/%.c
#  commands to execute (from `Makefile', line 398):
	$(CC) -c $< -o $@ $(CFLAGS) $(INCLUDE_PATHS) -D$(PLATFORM)
	

# 1 implicit rules, 0 (0.0%) terminal.

# Files

all:
#  Phony target (prerequisite of .PHONY).
#  Command-line target.
#  Implicit rule search has not been done.
#  Implicit/static pattern stem: `'
#  File does not exist.
#  File has been updated.
#  Failed to be updated.
# automatic
# @ := all
# automatic
# % := 
# automatic
# * := 
# automatic
# + := 
# automatic
# | := 
# automatic
# < := 
# automatic
# ^ := 
# automatic
# ? := 
# variable set hash-table stats:
# Load=8/32=25%, Rehash=0, Collisions=4/13=31%
#  commands to execute (from `Makefile', line 388):
	$(MAKE) $(MAKEFILE_PARAMS)
	

.PHONY: all clean
#  Implicit rule search has not been done.
#  Modification time never checked.
#  File has not been updated.

# Not a target:
main.c:
#  Implicit rule search has not been done.
#  Modification time never checked.
#  File has not been updated.

# Not a target:
.SUFFIXES:
#  Implicit rule search has not been done.
 
#  Modification time never checked.
#  File has not been updated.

# Not a target:
Makefile:
#  Implicit rule search has been done.
#  Last modified 2022-06-01 22:00:05
#  File has been updated.
#  Successfully updated.
# variable set hash-table stats:
# Load=0/32=0%, Rehash=0, Collisions=0/0=0%

# Not a target:
.DEFAULT:
#  Implicit rule search has not been done.
#  Modification time never checked.
#  File has not been updated.

clean:
#  Phony target (prerequisite of .PHONY).
#  Implicit rule search has not been done.
#  File does not exist.
#  File has not been updated.
#  commands to execute (from `Makefile', line 410):
	find . -type f -perm +ugo+x -delete
	rm -f *.o
	@echo Cleaning done
	

game: main.c
#  Implicit rule search has not been done.
#  Modification time never checked.
#  File has not been updated.
#  commands to execute (from `Makefile', line 392):
	$(CC) -o $(PROJECT_NAME)$(EXT) $(OBJS) $(CFLAGS) $(INCLUDE_PATHS) $(LDFLAGS) $(LDLIBS) -D$(PLATFORM)
	

# files hash-table stats:
# Load=8/1024=1%, Rehash=0, Collisions=0/26=0%
# VPATH Search Paths

# No `vpath' search paths.

# No general (`VPATH' variable) search path.

# # of strings in strcache: 1
# # of strcache buffers: 1
# strcache size: total = 4096 / max = 4096 / min = 4096 / avg = 4096
# strcache free: total = 4087 / max = 4087 / min = 4087 / avg = 4087

# Finished Make data base on Fri Jun  3 18:10:57 2022

 
